<?xml version="1.0" encoding="UTF-8"?>
<!-- Generated by org.testng.reporters.JUnitXMLReporter -->
<testsuite ignored="0" hostname="ANOOS" failures="0" tests="5" name="SmokeTesting" time="5.028" errors="0" timestamp="2024-07-10T16:24:17 EEST">
  <testcase classname="sauceDemo.loginPage" name="check_of_loginpage_Attributes" time="0.08"/>
  <testcase classname="sauceDemo.loginPage" name="valid_Login" time="0.221"/>
  <testcase classname="sauceDemo.loginPage" name="invalid_Login" time="0.168"/>
  <testcase classname="sauceDemo.loginPage" name="empty_Credentials_Login" time="2.135"/>
  <testcase classname="sauceDemo.loginPage" name="empty_Credentials_Login" time="0.12"/>
</testsuite> <!-- SmokeTesting -->
