<?xml version="1.0" encoding="UTF-8"?>
<!-- Generated by org.testng.reporters.JUnitXMLReporter -->
<testsuite ignored="2" hostname="ANOOS" failures="0" tests="3" name="Default test" time="6.925" errors="0" timestamp="2024-07-10T16:30:28 EEST">
  <testcase classname="sauceDemo.loginPage" name="check_of_loginpage_Attributes" time="0.071"/>
  <testcase classname="sauceDemo.loginPage" name="empty_Credentials_Login" time="1.21"/>
  <testcase classname="sauceDemo.loginPage" name="empty_Credentials_Login" time="0.195"/>
  <testcase classname="sauceDemo.loginPage" name="valid_Login" time="0.0">
    <ignored/>
  </testcase> <!-- valid_Login -->
  <testcase classname="sauceDemo.loginPage" name="invalid_Login" time="0.0">
    <ignored/>
  </testcase> <!-- invalid_Login -->
</testsuite> <!-- Default test -->
