<?xml version="1.0" encoding="UTF-8"?>
<!-- Generated by org.testng.reporters.JUnitXMLReporter -->
<testsuite ignored="0" hostname="ANOOS" failures="0" tests="5" name="SmokeTesting" time="5.12" errors="0" timestamp="2024-07-10T16:20:53 EEST">
  <testcase classname="sauceDemo.loginPage" name="check_of_loginpage_Attributes" time="0.09"/>
  <testcase classname="sauceDemo.loginPage" name="valid_Login" time="0.258"/>
  <testcase classname="sauceDemo.loginPage" name="invalid_Login" time="0.195"/>
  <testcase classname="sauceDemo.loginPage" name="empty_Credentials_Login" time="2.149"/>
  <testcase classname="sauceDemo.loginPage" name="empty_Credentials_Login" time="0.148"/>
</testsuite> <!-- SmokeTesting -->
